<html>
<head>
<title>TestNG:  Regression Test - Emp Monitor Test Cases</title>
<link href="../testng.css" rel="stylesheet" type="text/css" />
<link href="../my-testng.css" rel="stylesheet" type="text/css" />

<style type="text/css">
.log { display: none;} 
.stack-trace { display: none;} 
</style>
<script type="text/javascript">
<!--
function flip(e) {
  current = e.style.display;
  if (current == 'block') {
    e.style.display = 'none';
    return 0;
  }
  else {
    e.style.display = 'block';
    return 1;
  }
}

function toggleBox(szDivId, elem, msg1, msg2)
{
  var res = -1;  if (document.getElementById) {
    res = flip(document.getElementById(szDivId));
  }
  else if (document.all) {
    // this is the way old msie versions work
    res = flip(document.all[szDivId]);
  }
  if(elem) {
    if(res == 0) elem.innerHTML = msg1; else elem.innerHTML = msg2;
  }

}

function toggleAllBoxes() {
  if (document.getElementsByTagName) {
    d = document.getElementsByTagName('div');
    for (i = 0; i < d.length; i++) {
      if (d[i].className == 'log') {
        flip(d[i]);
      }
    }
  }
}

// -->
</script>

</head>
<body>
<h2 align='center'>Regression Test - Emp Monitor Test Cases</h2><table border='1' align="center">
<tr>
<td>Tests passed/Failed/Skipped:</td><td>2/1/0</td>
</tr><tr>
<td>Started on:</td><td>Fri Nov 18 17:12:00 IST 2022</td>
</tr>
<tr><td>Total time:</td><td>130 seconds (130814 ms)</td>
</tr><tr>
<td>Included groups:</td><td></td>
</tr><tr>
<td>Excluded groups:</td><td></td>
</tr>
</table><p/>
<small><i>(Hover the method name to see the test class name)</i></small><p/>
<table width='100%' border='1' class='invocation-failed'>
<tr><td colspan='4' align='center'><b>FAILED TESTS</b></td></tr>
<tr><td><b>Test method</b></td>
<td width="30%"><b>Exception</b></td>
<td width="10%"><b>Time (seconds)</b></td>
<td><b>Instance</b></td>
</tr>
<tr>
<td title='com.emp.testcases.BulkRegisterTest.Employee()'><b>Employee</b><br>Test class: com.emp.testcases.BulkRegisterTest<br/>
<a href="#Output-1375503918" onClick='toggleBox("Output-1375503918", this, "Show output", "Hide output");'>Show output</a>

<a href="#Output-1375503918" onClick="toggleAllBoxes();">Show all outputs</a>
<div class='log' id="Output-1375503918">
<B><font color = 'blue'>Step 1 .</font></B> clicked on Employee Module and Selected  Employee-Details Sub-Module <br/>
<B><font color = 'blue'>Step 2 .</font></B> clicked on Show-Entries Drop-down and Selected Any Value <br/>
<B><font color = 'blue'>Step 6 .</font></B> clicked on Bulk-Register Button<br/>
<B><font color = 'blue'>Step 7 .</font></B> clicked on Browse Text Field <br/>
<B><font color = 'blue'>Step 8 .</font></B> clicked on Add Button<br/>
<B><font color = 'blue'>Step 9 .</font></B> clicked on Roles Drop-down and Selected Any Employee <br/>
<B><font color = 'blue'>Step 10 .</font></B> clicked on Locations Drop-down ans Selected Any Location <br/>
<B><font color = 'blue'>Step 11 .</font></B> clicked on Exports Button <br/>
</div>
</td>
<td><div><pre>org.openqa.selenium.ElementNotInteractableException: element not interactable
  (Session info: chrome=107.0.5304.107)
Build info: version: &apos;4.4.0&apos;, revision: &apos;e5c75ed026a&apos;
System info: host: &apos;LAPTOP-GF0QQ927&apos;, ip: &apos;192.168.100.235&apos;, os.name: &apos;Windows 11&apos;, os.arch: &apos;amd64&apos;, os.version: &apos;10.0&apos;, java.version: &apos;18.0.1.1&apos;
Driver info: org.openqa.selenium.chrome.ChromeDriver
Command: [9af48cc5f6c4d607d0d8fe248b4657e6, clickElement {id=064f2612-e208-4eac-9b82-c5088332e830}]
Capabilities {acceptInsecureCerts: false, browserName: chrome, browserVersion: 107.0.5304.107, chrome: {chromedriverVersion: 107.0.5304.62 (1eec40d3a576..., userDataDir: C:\Users\Official\AppData\L...}, goog:chromeOptions: {debuggerAddress: localhost:52084}, networkConnectionEnabled: false, pageLoadStrategy: normal, platformName: WINDOWS, proxy: Proxy(), se:cdp: ws://localhost:52084/devtoo..., se:cdpVersion: 107.0.5304.107, setWindowRect: true, strictFileInteractability: false, timeouts: {implicit: 0, pageLoad: 300000, script: 30000}, unhandledPromptBehavior: dismiss and notify, webauthn:extension:credBlob: true, webauthn:extension:largeBlob: true, webauthn:virtualAuthenticators: true}
Element: [[ChromeDriver: chrome on WINDOWS (9af48cc5f6c4d607d0d8fe248b4657e6)] -&gt; id: checklocDownload]
Session ID: 9af48cc5f6c4d607d0d8fe248b4657e6
	at org.openqa.selenium.remote.codec.w3c.W3CHttpResponseCodec.createException(W3CHttpResponseCodec.java:200)
	at org.openqa.selenium.remote.codec.w3c.W3CHttpResponseCodec.decode(W3CHttpResponseCodec.java:133)
	at org.openqa.selenium.remote.codec.w3c.W3CHttpResponseCodec.decode(W3CHttpResponseCodec.java:53)
	at org.openqa.selenium.remote.HttpCommandExecutor.execute(HttpCommandExecutor.java:184)
	at org.openqa.selenium.remote.service.DriverCommandExecutor.invokeExecute(DriverCommandExecutor.java:167)
	at org.openqa.selenium.remote.service.DriverCommandExecutor.execute(DriverCommandExecutor.java:142)
	at org.openqa.selenium.remote.RemoteWebDriver.execute(RemoteWebDriver.java:547)
	at org.openqa.selenium.remote.RemoteWebElement.execute(RemoteWebElement.java:257)
	at org.openqa.selenium.remote.RemoteWebElement.click(RemoteWebElement.java:78)
	at org.openqa.selenium.support.pagefactory.internal.LocatingElementHandler.invoke(LocatingElementHandler.java:52)
	at jdk.proxy2/jdk.proxy2.$Proxy17.click(Unknown Source)
	at com.emp.qa.pages.EmployeePage.BulkRegister(EmployeePage.java:192)
	at com.emp.testcases.BulkRegisterTest.Employee(BulkRegisterTest.java:20)
	at java.base/java.util.ArrayList.forEach(ArrayList.java:1511)
... Removed 30 stack frames</pre></div><a href='#' onClick='toggleBox("stack-trace1375503918", this, "Click to show all stack frames", "Click to hide stack frames")'>Click to show all stack frames</a>
<div class='stack-trace' id='stack-trace1375503918'><pre>org.openqa.selenium.ElementNotInteractableException: element not interactable
  (Session info: chrome=107.0.5304.107)
Build info: version: &apos;4.4.0&apos;, revision: &apos;e5c75ed026a&apos;
System info: host: &apos;LAPTOP-GF0QQ927&apos;, ip: &apos;192.168.100.235&apos;, os.name: &apos;Windows 11&apos;, os.arch: &apos;amd64&apos;, os.version: &apos;10.0&apos;, java.version: &apos;18.0.1.1&apos;
Driver info: org.openqa.selenium.chrome.ChromeDriver
Command: [9af48cc5f6c4d607d0d8fe248b4657e6, clickElement {id=064f2612-e208-4eac-9b82-c5088332e830}]
Capabilities {acceptInsecureCerts: false, browserName: chrome, browserVersion: 107.0.5304.107, chrome: {chromedriverVersion: 107.0.5304.62 (1eec40d3a576..., userDataDir: C:\Users\Official\AppData\L...}, goog:chromeOptions: {debuggerAddress: localhost:52084}, networkConnectionEnabled: false, pageLoadStrategy: normal, platformName: WINDOWS, proxy: Proxy(), se:cdp: ws://localhost:52084/devtoo..., se:cdpVersion: 107.0.5304.107, setWindowRect: true, strictFileInteractability: false, timeouts: {implicit: 0, pageLoad: 300000, script: 30000}, unhandledPromptBehavior: dismiss and notify, webauthn:extension:credBlob: true, webauthn:extension:largeBlob: true, webauthn:virtualAuthenticators: true}
Element: [[ChromeDriver: chrome on WINDOWS (9af48cc5f6c4d607d0d8fe248b4657e6)] -&gt; id: checklocDownload]
Session ID: 9af48cc5f6c4d607d0d8fe248b4657e6
	at java.base/jdk.internal.reflect.DirectConstructorHandleAccessor.newInstance(DirectConstructorHandleAccessor.java:67)
	at java.base/java.lang.reflect.Constructor.newInstanceWithCaller(Constructor.java:499)
	at java.base/java.lang.reflect.Constructor.newInstance(Constructor.java:483)
	at org.openqa.selenium.remote.codec.w3c.W3CHttpResponseCodec.createException(W3CHttpResponseCodec.java:200)
	at org.openqa.selenium.remote.codec.w3c.W3CHttpResponseCodec.decode(W3CHttpResponseCodec.java:133)
	at org.openqa.selenium.remote.codec.w3c.W3CHttpResponseCodec.decode(W3CHttpResponseCodec.java:53)
	at org.openqa.selenium.remote.HttpCommandExecutor.execute(HttpCommandExecutor.java:184)
	at org.openqa.selenium.remote.service.DriverCommandExecutor.invokeExecute(DriverCommandExecutor.java:167)
	at org.openqa.selenium.remote.service.DriverCommandExecutor.execute(DriverCommandExecutor.java:142)
	at org.openqa.selenium.remote.RemoteWebDriver.execute(RemoteWebDriver.java:547)
	at org.openqa.selenium.remote.RemoteWebElement.execute(RemoteWebElement.java:257)
	at org.openqa.selenium.remote.RemoteWebElement.click(RemoteWebElement.java:78)
	at java.base/jdk.internal.reflect.DirectMethodHandleAccessor.invoke(DirectMethodHandleAccessor.java:104)
	at java.base/java.lang.reflect.Method.invoke(Method.java:577)
	at org.openqa.selenium.support.pagefactory.internal.LocatingElementHandler.invoke(LocatingElementHandler.java:52)
	at jdk.proxy2/jdk.proxy2.$Proxy17.click(Unknown Source)
	at com.emp.qa.pages.EmployeePage.BulkRegister(EmployeePage.java:192)
	at com.emp.testcases.BulkRegisterTest.Employee(BulkRegisterTest.java:20)
	at java.base/jdk.internal.reflect.DirectMethodHandleAccessor.invoke(DirectMethodHandleAccessor.java:104)
	at java.base/java.lang.reflect.Method.invoke(Method.java:577)
	at org.testng.internal.MethodInvocationHelper.invokeMethod(MethodInvocationHelper.java:133)
	at org.testng.internal.TestInvoker.invokeMethod(TestInvoker.java:598)
	at org.testng.internal.TestInvoker.invokeTestMethod(TestInvoker.java:173)
	at org.testng.internal.MethodRunner.runInSequence(MethodRunner.java:46)
	at org.testng.internal.TestInvoker$MethodInvocationAgent.invoke(TestInvoker.java:824)
	at org.testng.internal.TestInvoker.invokeTestMethods(TestInvoker.java:146)
	at org.testng.internal.TestMethodWorker.invokeTestMethods(TestMethodWorker.java:146)
	at org.testng.internal.TestMethodWorker.run(TestMethodWorker.java:128)
	at java.base/java.util.ArrayList.forEach(ArrayList.java:1511)
	at org.testng.TestRunner.privateRun(TestRunner.java:794)
	at org.testng.TestRunner.run(TestRunner.java:596)
	at org.testng.SuiteRunner.runTest(SuiteRunner.java:377)
	at org.testng.SuiteRunner.runSequentially(SuiteRunner.java:371)
	at org.testng.SuiteRunner.privateRun(SuiteRunner.java:332)
	at org.testng.SuiteRunner.run(SuiteRunner.java:276)
	at org.testng.SuiteRunnerWorker.runSuite(SuiteRunnerWorker.java:53)
	at org.testng.SuiteRunnerWorker.run(SuiteRunnerWorker.java:96)
	at org.testng.TestNG.runSuitesSequentially(TestNG.java:1212)
	at org.testng.TestNG.runSuitesLocally(TestNG.java:1134)
	at org.testng.TestNG.runSuites(TestNG.java:1063)
	at org.testng.TestNG.run(TestNG.java:1031)
	at org.testng.remote.AbstractRemoteTestNG.run(AbstractRemoteTestNG.java:115)
	at org.testng.remote.RemoteTestNG.initAndRun(RemoteTestNG.java:251)
	at org.testng.remote.RemoteTestNG.main(RemoteTestNG.java:77)
</pre></div></td>
<td>40</td>
<td>com.emp.testcases.BulkRegisterTest@2accdbb5</td></tr>
</table><p>
<table width='100%' border='1' class='invocation-passed'>
<tr><td colspan='4' align='center'><b>PASSED TESTS</b></td></tr>
<tr><td><b>Test method</b></td>
<td width="30%"><b>Exception</b></td>
<td width="10%"><b>Time (seconds)</b></td>
<td><b>Instance</b></td>
</tr>
<tr>
<td title='com.emp.testcases.BulkUpdateTest.BulkUpdateTest()'><b>BulkUpdateTest</b><br>Test class: com.emp.testcases.BulkUpdateTest<br/>
<a href="#Output-591352568" onClick='toggleBox("Output-591352568", this, "Show output", "Hide output");'>Show output</a>

<a href="#Output-591352568" onClick="toggleAllBoxes();">Show all outputs</a>
<div class='log' id="Output-591352568">
<B><font color = 'blue'>Step1 .</font></B> clickedonEmployeeDetails<br/>
<B><font color = 'blue'>Step2 .</font></B> clicked on BulkUpdate_Button<br/>
<B><font color = 'blue'>Step3 .</font></B> clicked on Browse_Button<br/>
<B><font color = 'blue'>Step4 .</font></B> clicked on Update_Button<br/>
</div>
</td>
<td></td>
<td>23</td>
<td>com.emp.testcases.BulkUpdateTest@b62d79</td></tr>
<tr>
<td title='com.emp.testcases.RegisterEmployeeTest.RegisterEmployeeTest()'><b>RegisterEmployeeTest</b><br>Test class: com.emp.testcases.RegisterEmployeeTest<br/>
<a href="#Output-1898773347" onClick='toggleBox("Output-1898773347", this, "Show output", "Hide output");'>Show output</a>

<a href="#Output-1898773347" onClick="toggleAllBoxes();">Show all outputs</a>
<div class='log' id="Output-1898773347">
<B><font color = 'blue'>Step1 .</font></B> clicked on Employee_Details<br/>
<B><font color = 'blue'>Step2 .</font></B> clicked  on Register_Employee Button<br/>
<B><font color = 'blue'>Step3 .</font></B> Clicked on First_name text space  & Enter Name<br/>
<B><font color = 'blue'>Step4 .</font></B> clicked  on Lastname text space & Enter name <br/>
<B><font color = 'blue'>Step5 .</font></B> clicked on email Text space & Enter email<br/>
<B><font color = 'blue'>Step6 .</font></B> clicked on password text space & Enter password <br/>
<B><font color = 'blue'>Step7 .</font></B> clicked on confirm_password text space & Enter confirm_password<br/>
<B><font color = 'blue'>Step8 .</font></B> clicked on Mobile_number & Enter Phone number<br/>
<B><font color = 'blue'>Step9 .</font></B> clicked on Employee_code text space & Enter Employee code <br/>
<B><font color = 'blue'>Step10 .</font></B> clicked on Location Drop down & select location<br/>
<B><font color = 'blue'>Step11.</font></B> clicked on Role Drop down &  Select  Role <br/>
<B><font color = 'blue'>Step12.</font></B> clicked on Department Drop down & select Dept<br/>
<B><font color = 'blue'>Step13.</font></B> clicked on Date_of_joining <br/>
<B><font color = 'blue'>Step14.</font></B> clicked on Timezone Drop down & Select Time zone <br/>
<B><font color = 'blue'>Step15.</font></B> clicked on Asia_Kolkata<br/>
<B><font color = 'blue'>Step16.</font></B> clicked on Image_Uploaded Button and Selected Employee Image <br/>
<B><font color = 'blue'>Step17.</font></B> clicked on select shift Drop down & select shift <br/>
<B><font color = 'blue'>Step18.</font></B> clicked on Address Text space & Enter Address<br/>
<B><font color = 'blue'>Step19.</font></B> clicked on Register Button <br/>
</div>
</td>
<td></td>
<td>38</td>
<td>com.emp.testcases.RegisterEmployeeTest@732c2a62</td></tr>
</table><p>
</body>
</html>